[0mGET /users [36m304 [0m24.438 ms - -[0m
9404 - ::1 - - 12-07-2022 6:7:9 PM "GET /users HTTP/1.1" 304 - "-" "Mozilla/5.0 (Windows NT 10.0; Win64; x64) AppleWebKit/537.36 (KHTML, like Gecko) Chrome/100.0.4896.75 Safari/537.36" - 23.404 ms
8300 - ::1 - - 12-08-2022 06:08:48 PM "GET /users HTTP/1.1" 304 - "-" "Mozilla/5.0 (Windows NT 10.0; Win64; x64) AppleWebKit/537.36 (KHTML, like Gecko) Chrome/100.0.4896.75 Safari/537.36" - 24.536 ms
15744 - ::1 - - 12-23-2022 06:23:16 PM "GET /users HTTP/1.1" 304 - "-" "Mozilla/5.0 (Windows NT 10.0; Win64; x64) AppleWebKit/537.36 (KHTML, like Gecko) Chrome/100.0.4896.75 Safari/537.36" - 27.031 ms
10216 - ::ffff:127.0.0.1 - - 13-05-2022 04:05:37 PM "GET / HTTP/1.1" 200 538 "https://www.youtube.com/" "Mozilla/5.0 (Windows NT 10.0; Win64; x64) AppleWebKit/537.36 (KHTML, like Gecko) Chrome/100.0.4896.88 Safari/537.36" - 32.372 ms
11260 - ::ffff:127.0.0.1 - - 13-35-2022 04:35:19 PM "GET / HTTP/1.1" 200 538 "https://www.youtube.com/" "Mozilla/5.0 (Windows NT 10.0; Win64; x64) AppleWebKit/537.36 (KHTML, like Gecko) Chrome/100.0.4896.88 Safari/537.36" - 13.723 ms
11260 - ::ffff:127.0.0.1 - - 13-36-2022 04:36:00 PM "GET / HTTP/1.1" 500 947 "-" "Mozilla/5.0 (Windows NT 10.0; Win64; x64) AppleWebKit/537.36 (KHTML, like Gecko) Chrome/100.0.4896.88 Safari/537.36" - 2.135 ms
10412 - ::ffff:127.0.0.1 - - 13-38-2022 04:38:27 PM "GET / HTTP/1.1" 200 538 "https://www.youtube.com/" "Mozilla/5.0 (Windows NT 10.0; Win64; x64) AppleWebKit/537.36 (KHTML, like Gecko) Chrome/100.0.4896.88 Safari/537.36" - 12.916 ms
10412 - ::ffff:127.0.0.1 - - 13-39-2022 04:39:05 PM "GET / HTTP/1.1" 500 947 "-" "Mozilla/5.0 (Windows NT 10.0; Win64; x64) AppleWebKit/537.36 (KHTML, like Gecko) Chrome/100.0.4896.88 Safari/537.36" - 2.197 ms
22824 - ::1 - - 13-44-2022 04:44:45 PM "GET / HTTP/1.1" 500 947 "-" "Mozilla/5.0 (Windows NT 10.0; Win64; x64) AppleWebKit/537.36 (KHTML, like Gecko) Chrome/100.0.4896.88 Safari/537.36" - 13.288 ms
22824 - ::1 - - 13-44-2022 04:44:45 PM "GET /favicon.ico HTTP/1.1" 500 947 "http://localhost:3000/" "Mozilla/5.0 (Windows NT 10.0; Win64; x64) AppleWebKit/537.36 (KHTML, like Gecko) Chrome/100.0.4896.88 Safari/537.36" - 1.320 ms
9444 - ::1 - - 13-45-2022 04:45:06 PM "GET / HTTP/1.1" 500 947 "-" "Mozilla/5.0 (Windows NT 10.0; Win64; x64) AppleWebKit/537.36 (KHTML, like Gecko) Chrome/100.0.4896.88 Safari/537.36" - 9.357 ms
9444 - ::1 - - 13-45-2022 04:45:06 PM "GET /favicon.ico HTTP/1.1" 500 947 "http://localhost:3000/" "Mozilla/5.0 (Windows NT 10.0; Win64; x64) AppleWebKit/537.36 (KHTML, like Gecko) Chrome/100.0.4896.88 Safari/537.36" - 1.305 ms
9444 - ::1 - - 13-45-2022 04:45:08 PM "GET / HTTP/1.1" 500 947 "-" "Mozilla/5.0 (Windows NT 10.0; Win64; x64) AppleWebKit/537.36 (KHTML, like Gecko) Chrome/100.0.4896.88 Safari/537.36" - 0.808 ms
9444 - ::1 - - 13-45-2022 04:45:08 PM "GET /favicon.ico HTTP/1.1" 500 947 "http://localhost:3000/" "Mozilla/5.0 (Windows NT 10.0; Win64; x64) AppleWebKit/537.36 (KHTML, like Gecko) Chrome/100.0.4896.88 Safari/537.36" - 0.671 ms
17744 - ::ffff:127.0.0.1 - - 13-51-2022 04:51:06 PM "GET / HTTP/1.1" 500 12 "-" "Mozilla/5.0 (Windows NT 10.0; Win64; x64) AppleWebKit/537.36 (KHTML, like Gecko) Chrome/100.0.4896.88 Safari/537.36" - 3.254 ms
17744 - ::1 - - 13-51-2022 04:51:09 PM "GET / HTTP/1.1" 500 12 "-" "Mozilla/5.0 (Windows NT 10.0; Win64; x64) AppleWebKit/537.36 (KHTML, like Gecko) Chrome/100.0.4896.88 Safari/537.36" - 0.473 ms
17744 - ::1 - - 13-51-2022 04:51:09 PM "GET /favicon.ico HTTP/1.1" 500 12 "http://localhost:3000/" "Mozilla/5.0 (Windows NT 10.0; Win64; x64) AppleWebKit/537.36 (KHTML, like Gecko) Chrome/100.0.4896.88 Safari/537.36" - 0.251 ms
14504 - ::1 - - 13-51-2022 04:51:43 PM "GET / HTTP/1.1" 500 12 "-" "Mozilla/5.0 (Windows NT 10.0; Win64; x64) AppleWebKit/537.36 (KHTML, like Gecko) Chrome/100.0.4896.88 Safari/537.36" - 2.987 ms
14504 - ::1 - - 13-51-2022 04:51:43 PM "GET /favicon.ico HTTP/1.1" 500 12 "http://localhost:3000/" "Mozilla/5.0 (Windows NT 10.0; Win64; x64) AppleWebKit/537.36 (KHTML, like Gecko) Chrome/100.0.4896.88 Safari/537.36" - 0.447 ms
14504 - ::1 - - 13-51-2022 04:51:49 PM "GET /users HTTP/1.1" 500 12 "-" "Mozilla/5.0 (Windows NT 10.0; Win64; x64) AppleWebKit/537.36 (KHTML, like Gecko) Chrome/100.0.4896.88 Safari/537.36" - 0.536 ms
14504 - ::1 - - 13-51-2022 04:51:50 PM "GET /favicon.ico HTTP/1.1" 500 12 "http://localhost:3000/users" "Mozilla/5.0 (Windows NT 10.0; Win64; x64) AppleWebKit/537.36 (KHTML, like Gecko) Chrome/100.0.4896.88 Safari/537.36" - 0.428 ms
14504 - ::1 - - 13-52-2022 04:52:34 PM "GET /users HTTP/1.1" 500 12 "-" "Mozilla/5.0 (Windows NT 10.0; Win64; x64) AppleWebKit/537.36 (KHTML, like Gecko) Chrome/100.0.4896.88 Safari/537.36" - 0.334 ms
14504 - ::1 - - 13-52-2022 04:52:34 PM "GET /favicon.ico HTTP/1.1" 500 12 "http://localhost:3000/users" "Mozilla/5.0 (Windows NT 10.0; Win64; x64) AppleWebKit/537.36 (KHTML, like Gecko) Chrome/100.0.4896.88 Safari/537.36" - 0.232 ms
12888 - ::1 - - 13-52-2022 04:52:53 PM "GET /users HTTP/1.1" 500 12 "-" "Mozilla/5.0 (Windows NT 10.0; Win64; x64) AppleWebKit/537.36 (KHTML, like Gecko) Chrome/100.0.4896.88 Safari/537.36" - 2.753 ms
12888 - ::1 - - 13-52-2022 04:52:53 PM "GET /favicon.ico HTTP/1.1" 500 12 "http://localhost:3000/users" "Mozilla/5.0 (Windows NT 10.0; Win64; x64) AppleWebKit/537.36 (KHTML, like Gecko) Chrome/100.0.4896.88 Safari/537.36" - 0.459 ms
12888 - ::1 - - 13-52-2022 04:52:56 PM "GET / HTTP/1.1" 500 12 "-" "Mozilla/5.0 (Windows NT 10.0; Win64; x64) AppleWebKit/537.36 (KHTML, like Gecko) Chrome/100.0.4896.88 Safari/537.36" - 0.246 ms
12888 - ::1 - - 13-52-2022 04:52:57 PM "GET /favicon.ico HTTP/1.1" 500 12 "http://localhost:3000/" "Mozilla/5.0 (Windows NT 10.0; Win64; x64) AppleWebKit/537.36 (KHTML, like Gecko) Chrome/100.0.4896.88 Safari/537.36" - 0.265 ms
16744 - ::1 - - 13-53-2022 04:53:08 PM "GET / HTTP/1.1" 500 12 "-" "Mozilla/5.0 (Windows NT 10.0; Win64; x64) AppleWebKit/537.36 (KHTML, like Gecko) Chrome/100.0.4896.88 Safari/537.36" - 2.846 ms
16744 - ::1 - - 13-53-2022 04:53:08 PM "GET /favicon.ico HTTP/1.1" 500 12 "http://localhost:3000/" "Mozilla/5.0 (Windows NT 10.0; Win64; x64) AppleWebKit/537.36 (KHTML, like Gecko) Chrome/100.0.4896.88 Safari/537.36" - 0.477 ms
16744 - ::1 - - 13-53-2022 04:53:10 PM "GET / HTTP/1.1" 500 12 "-" "Mozilla/5.0 (Windows NT 10.0; Win64; x64) AppleWebKit/537.36 (KHTML, like Gecko) Chrome/100.0.4896.88 Safari/537.36" - 0.246 ms
16744 - ::1 - - 13-53-2022 04:53:10 PM "GET /favicon.ico HTTP/1.1" 500 12 "http://localhost:3000/" "Mozilla/5.0 (Windows NT 10.0; Win64; x64) AppleWebKit/537.36 (KHTML, like Gecko) Chrome/100.0.4896.88 Safari/537.36" - 0.438 ms
16744 - ::ffff:127.0.0.1 - - 13-53-2022 04:53:26 PM "GET / HTTP/1.1" 200 538 "https://www.youtube.com/" "Mozilla/5.0 (Windows NT 10.0; Win64; x64) AppleWebKit/537.36 (KHTML, like Gecko) Chrome/100.0.4896.88 Safari/537.36" - 10.411 ms
3204 - ::ffff:172.16.54.155 - - 13-09-2022 05:09:39 PM "GET / HTTP/1.1" 500 12 "-" "PostmanRuntime/7.29.0" - 2.884 ms
25484 - ::ffff:172.16.54.155 - - 13-13-2022 05:13:26 PM "GET / HTTP/1.1" 500 54 "-" "PostmanRuntime/7.29.0" - 2.892 ms
23736 - ::ffff:172.16.54.155 - - 13-21-2022 05:21:20 PM "GET / HTTP/1.1" 500 12 "-" "PostmanRuntime/7.29.0" - 2.692 ms
21432 - ::ffff:172.16.54.155 - - 13-23-2022 05:23:49 PM "GET / HTTP/1.1" 200 538 "-" "PostmanRuntime/7.29.0" - 44.682 ms
21432 - ::ffff:127.0.0.1 - - 13-24-2022 05:24:04 PM "GET / HTTP/1.1" 200 538 "https://www.youtube.com/" "Mozilla/5.0 (Windows NT 10.0; Win64; x64) AppleWebKit/537.36 (KHTML, like Gecko) Chrome/100.0.4896.88 Safari/537.36" - 2.453 ms
8448 - ::ffff:172.16.54.155 - - 13-27-2022 05:27:21 PM "GET / HTTP/1.1" 200 - 13.142 ms
8448 - ::1 - - 13-27-2022 05:27:24 PM "GET / HTTP/1.1" 200 - 4.396 ms
8448 - ::1 - - 13-27-2022 05:27:24 PM "GET /stylesheets/style.css HTTP/1.1" 304 - 1.723 ms
8448 - ::1 - - 13-27-2022 05:27:25 PM "GET /favicon.ico HTTP/1.1" 404 - 2.470 ms
24584 - ::ffff:172.16.54.155 - - 13-32-2022 05:32:10 PM "GET / HTTP/1.1" 200 - db15646e-3e41-4acd-bd23-1311c9dd6794 13.857 ms
24584 - ::1 - - 13-32-2022 05:32:40 PM "GET / HTTP/1.1" 304 - 3d465c79-e77e-428f-83c0-1d3661d22adf 2.557 ms
24584 - ::1 - - 13-32-2022 05:32:40 PM "GET /stylesheets/style.css HTTP/1.1" 304 - b3b28b39-5d27-4061-a326-08e8251dd466 1.897 ms
21252 - ::ffff:172.16.54.155 - - 15-11-2022 01:11:19 PM "GET / HTTP/1.1" 200 - 9c5000e6-11b4-4fbd-8d80-baf16f597892 -43.206 ms
21252 - ::ffff:172.16.54.155 - - 15-11-2022 01:11:19 PM "GET /stylesheets/style.css HTTP/1.1" 200 - ae026205-0385-4905-b256-30551ed299e5 -5.328 ms
21252 - ::ffff:172.16.54.155 - - 15-11-2022 01:11:20 PM "GET /favicon.ico HTTP/1.1" 404 - 4a433e77-d1fe-4cc5-b014-c1e75b1b904f -6.303 ms
10612 - ::ffff:172.16.54.155 - - 15-42-2022 02:42:01 PM "GET / HTTP/1.1" 304 - fae12dde-bb49-4ec9-838e-b4e340063b5d -56.117 ms
10612 - ::ffff:172.16.54.155 - - 15-42-2022 02:42:01 PM "GET /stylesheets/style.css HTTP/1.1" 304 - cabd37da-e32a-4d22-b56e-43af31825da6 -1.897 ms
10612 - ::ffff:172.16.54.155 - - 15-42-2022 02:42:07 PM "GET /users HTTP/1.1" 200 - 08cfeb79-62bb-438a-b436-a109002462a8 -62.335 ms
18072 - ::ffff:172.16.54.155 - - 15-48-2022 02:48:31 PM "GET /data/Product HTTP/1.1" 301 - bcb6bd8e-6791-423c-8fdb-4953f249fc54 -5.354 ms
18072 - ::ffff:172.16.54.155 - - 15-48-2022 02:48:31 PM "GET /data/Product/ HTTP/1.1" 404 - 0b03518b-47cd-4a45-823a-d4baef12435b -12.640 ms
9944 - ::ffff:172.16.54.155 - - 15-10-2022 03:10:54 PM "GET /data/Product/ HTTP/1.1" 404 - b64b05bf-8fae-4286-814c-c715c6e690b4 -13.207 ms
9944 - ::ffff:172.16.54.155 - - 15-10-2022 03:10:58 PM "GET / HTTP/1.1" 304 - 0a07fc88-95aa-4d2e-b47c-1c7a3e461f9d -3.013 ms
9944 - ::ffff:172.16.54.155 - - 15-10-2022 03:10:58 PM "GET /stylesheets/style.css HTTP/1.1" 304 - c3a8005d-6871-47c0-9f9a-5c902c027e36 -3.599 ms
19744 - ::ffff:172.16.54.155 - - 15-12-2022 03:12:20 PM "GET /data/Product/ HTTP/1.1" 200 - f20824e7-9894-4289-8ac1-a90528c09f25 -12.979 ms
19744 - ::ffff:172.16.54.155 - - 15-12-2022 03:12:20 PM "GET /stylesheets/style.css HTTP/1.1" 304 - 515e83a9-743f-45f3-81f3-4ce19585044c -1.452 ms
18560 - ::ffff:172.16.54.155 - - 15-12-2022 03:12:52 PM "GET /data/Product/ HTTP/1.1" 200 - a7ae5a47-6570-4e87-88aa-c48276965a72 -7.442 ms
16580 - ::1 - - 15-10-2022 04:10:05 PM "GET / HTTP/1.1" 200 - da7ecbfc-8c90-4b01-8890-ec99b19101d3 -12.847 ms
16580 - ::1 - - 15-10-2022 04:10:05 PM "GET /stylesheets/style.css HTTP/1.1" 304 - f70e45fb-b144-4eeb-a980-f5caa1688020 -1.709 ms
16580 - ::1 - - 15-10-2022 04:10:09 PM "GET /docs HTTP/1.1" 404 - 71527b8e-f36b-4fa2-89b4-d0aa3278c9b4 -3.147 ms
14492 - ::1 - - 15-10-2022 04:10:44 PM "GET /docs HTTP/1.1" 301 - 9a28eb05-59e9-4cc7-92ea-055be3db1b50 -7.147 ms
14492 - ::1 - - 15-10-2022 04:10:44 PM "GET /docs/ HTTP/1.1" 200 - 6e02c1ad-085b-4314-9d09-28c5b80935f6 -3.383 ms
14492 - ::1 - - 15-10-2022 04:10:44 PM "GET /docs/swagger-ui-init.js HTTP/1.1" 200 - c9c298de-28e8-4727-a222-2c99cbaec9e4 -3.701 ms
14492 - ::1 - - 15-10-2022 04:10:44 PM "GET /docs/swagger-ui.css HTTP/1.1" 200 - 99cab76e-0845-4a74-8ffb-e96f12694768 -7.468 ms
14492 - ::1 - - 15-10-2022 04:10:44 PM "GET /docs/swagger-ui-init.js HTTP/1.1" 200 - 0eb9efaa-ca03-423d-8164-0296ee256652 -1.452 ms
14492 - ::1 - - 15-10-2022 04:10:44 PM "GET /docs/swagger-ui-standalone-preset.js HTTP/1.1" 200 - 0eca46b1-f545-4b69-94c5-8b392e0c4e39 -7.405 ms
14492 - ::1 - - 15-10-2022 04:10:44 PM "GET /docs/swagger-ui-bundle.js HTTP/1.1" 200 - 2b3b3f7d-eb65-4432-8ba0-b0774a7dadbd -7.798 ms
14492 - ::1 - - 15-10-2022 04:10:44 PM "GET /docs/swagger-ui-standalone-preset.js HTTP/1.1" 200 - fa8a3527-48ec-4647-8daa-74019f1e078f -3.981 ms
14492 - ::1 - - 15-10-2022 04:10:44 PM "GET /docs/swagger-ui-bundle.js HTTP/1.1" 200 - 3b90d1e0-2bc3-4823-9556-9fee39a7abfa -4.036 ms
14492 - ::1 - - 15-10-2022 04:10:44 PM "GET /docs/favicon-32x32.png HTTP/1.1" 200 - 9d1de000-f3bb-4209-a6c1-de1a783a7f1b -3.292 ms
23896 - ::1 - - 15-11-2022 04:11:29 PM "GET /docs/ HTTP/1.1" 304 - ac66ebb6-1a0e-4ece-a722-01bf5c729bd7 -8.224 ms
23896 - ::1 - - 15-11-2022 04:11:29 PM "GET /docs/swagger-ui.css HTTP/1.1" 304 - 449f56c5-91dd-4c73-8eec-5fdd05566974 -6.112 ms
23896 - ::1 - - 15-11-2022 04:11:29 PM "GET /docs/swagger-ui-bundle.js HTTP/1.1" 304 - 486239f4-3697-4759-85af-9627eeb2a4d5 -6.033 ms
23896 - ::1 - - 15-11-2022 04:11:29 PM "GET /docs/swagger-ui-init.js HTTP/1.1" 200 - 3e040b17-1cd3-4745-8f9e-37fba43ea5e0 -4.373 ms
23896 - ::1 - - 15-11-2022 04:11:29 PM "GET /docs/swagger-ui-standalone-preset.js HTTP/1.1" 304 - 16a6e4bf-2634-4c5e-b47b-dc886e8725e8 -7.000 ms
23896 - ::1 - - 15-11-2022 04:11:29 PM "GET /docs/favicon-32x32.png HTTP/1.1" 304 - 98513254-27b1-4bc5-a765-4c20b3f7869a -1.194 ms
1136 - ::1 - - 15-14-2022 04:14:20 PM "GET /docs/ HTTP/1.1" 304 - 44dd3f3b-3928-4cdb-b9b7-516ff5527932 -8.964 ms
1136 - ::1 - - 15-14-2022 04:14:20 PM "GET /docs/swagger-ui.css HTTP/1.1" 304 - 552bf2ac-1cc4-4c48-bca7-beb3e92eddee -6.624 ms
1136 - ::1 - - 15-14-2022 04:14:20 PM "GET /docs/swagger-ui-init.js HTTP/1.1" 200 - 0ecbbe39-1445-41c1-ad1a-dc8bf0826080 -4.746 ms
1136 - ::1 - - 15-14-2022 04:14:20 PM "GET /docs/swagger-ui-standalone-preset.js HTTP/1.1" 304 - 49f96c25-4e97-4d1a-8658-4ca0b84de8e0 -7.042 ms
1136 - ::1 - - 15-14-2022 04:14:20 PM "GET /docs/swagger-ui-bundle.js HTTP/1.1" 304 - 8856a760-6f48-44a6-8358-52d9443c65cd -6.358 ms
1136 - ::1 - - 15-14-2022 04:14:20 PM "GET /docs/swagger-ui-init.js HTTP/1.1" 200 - 40e21c4e-edc5-4771-950a-a0b59e4fab4d -0.795 ms
1136 - ::1 - - 15-14-2022 04:14:21 PM "GET /docs/favicon-32x32.png HTTP/1.1" 304 - 305ccafb-f4d4-4fd4-b2d8-3b5bca302d51 -0.796 ms
7240 - ::1 - - 15-16-2022 04:16:42 PM "GET /docs/ HTTP/1.1" 304 - e19214c7-d78e-4c5c-b751-5e75b18960ec -7.724 ms
7240 - ::1 - - 15-16-2022 04:16:42 PM "GET /docs/swagger-ui.css HTTP/1.1" 304 - 1285ec4b-8020-4a2d-b99d-84885fdc5aae -4.374 ms
7240 - ::1 - - 15-16-2022 04:16:42 PM "GET /docs/swagger-ui-bundle.js HTTP/1.1" 304 - 4bd7ccde-f678-4cbf-80bf-3303edd2fa1b -4.471 ms
7240 - ::1 - - 15-16-2022 04:16:42 PM "GET /docs/swagger-ui-init.js HTTP/1.1" 304 - fd2f1076-2b5d-4f7d-88c5-6347885a9070 -3.812 ms
7240 - ::1 - - 15-16-2022 04:16:42 PM "GET /docs/swagger-ui-standalone-preset.js HTTP/1.1" 304 - e28ead95-0f53-4251-ac13-309fb2749320 -5.571 ms
7240 - ::1 - - 15-16-2022 04:16:42 PM "GET /docs/swagger-ui-standalone-preset.js HTTP/1.1" 304 - 543fe2a3-d75f-4a6d-b44e-14922f01fb68 -1.535 ms
7240 - ::1 - - 15-16-2022 04:16:42 PM "GET /docs/swagger-ui-bundle.js HTTP/1.1" 304 - 567bc126-7f8b-4171-86f7-9c4951cdf831 -1.535 ms
7240 - ::1 - - 15-16-2022 04:16:43 PM "GET /docs/favicon-32x32.png HTTP/1.1" 304 - 71f9a262-049f-4e79-9f88-6405c8b8c5d2 -1.197 ms
7240 - ::1 - - 15-16-2022 04:16:44 PM "GET /docs/ HTTP/1.1" 304 - 5496bab3-74c0-4e4b-a207-cdf1f1289f95 -1.694 ms
7240 - ::1 - - 15-16-2022 04:16:44 PM "GET /docs/swagger-ui-init.js HTTP/1.1" 304 - 61a69461-f854-4624-bba0-c15235c1916c -1.821 ms
7240 - ::1 - - 15-16-2022 04:16:44 PM "GET /docs/swagger-ui.css HTTP/1.1" 304 - 59674be9-a499-43f5-82d9-d80a2c8719fa -5.785 ms
7240 - ::1 - - 15-16-2022 04:16:44 PM "GET /docs/swagger-ui-bundle.js HTTP/1.1" 304 - 6b84e573-dcb1-4549-bc3d-75f80705cf90 -5.585 ms
7240 - ::1 - - 15-16-2022 04:16:44 PM "GET /docs/swagger-ui-standalone-preset.js HTTP/1.1" 304 - 9887059d-3aff-4105-8e74-9f5384b0454b -5.408 ms
7240 - ::1 - - 15-16-2022 04:16:44 PM "GET /docs/favicon-32x32.png HTTP/1.1" 304 - 4339f224-bfef-4858-bac3-1ba21086bf17 -1.045 ms
17988 - ::1 - - 15-17-2022 04:17:46 PM "GET /docs/ HTTP/1.1" 304 - 3a6da79a-356b-4571-80a8-5499c206b407 -7.784 ms
17988 - ::1 - - 15-17-2022 04:17:46 PM "GET /docs/swagger-ui.css HTTP/1.1" 304 - ea02d4c9-8556-4e19-a024-4e053992f18a -6.973 ms
17988 - ::1 - - 15-17-2022 04:17:46 PM "GET /docs/swagger-ui-init.js HTTP/1.1" 304 - 27beb0e8-23f0-4a1d-aff7-91c93e5d5f58 -3.713 ms
17988 - ::1 - - 15-17-2022 04:17:46 PM "GET /docs/swagger-ui-bundle.js HTTP/1.1" 304 - e714ab93-cf3f-4f57-93bb-b467fcc48068 -5.752 ms
17988 - ::1 - - 15-17-2022 04:17:46 PM "GET /docs/swagger-ui-standalone-preset.js HTTP/1.1" 304 - 35cc96f6-0b85-4bc7-b8b9-cdabe7e1d981 -5.778 ms
17988 - ::1 - - 15-17-2022 04:17:46 PM "GET /docs/favicon-32x32.png HTTP/1.1" 304 - 9fe06077-0ec7-442d-8d25-05868952ae10 -1.093 ms
15068 - ::1 - - 15-18-2022 04:18:58 PM "GET /docs/ HTTP/1.1" 304 - 24d24a77-cbd8-4a83-bf0e-6159069ad283 -8.232 ms
15068 - ::1 - - 15-18-2022 04:18:58 PM "GET /docs/swagger-ui.css HTTP/1.1" 304 - 51143c2f-1a11-44e0-967a-a26056c5efb9 -6.064 ms
15068 - ::1 - - 15-18-2022 04:18:58 PM "GET /docs/swagger-ui-bundle.js HTTP/1.1" 304 - 7a56b2e4-896c-429a-a44a-62d30179388f -4.690 ms
15068 - ::1 - - 15-18-2022 04:18:58 PM "GET /docs/swagger-ui-init.js HTTP/1.1" 200 - e92d944d-269e-4498-99e7-1b98edeb69e7 -4.323 ms
15068 - ::1 - - 15-18-2022 04:18:58 PM "GET /docs/swagger-ui-standalone-preset.js HTTP/1.1" 304 - 96b5efab-8ee8-437e-bfaa-19ad89883068 -6.336 ms
15068 - ::1 - - 15-18-2022 04:18:58 PM "GET /docs/swagger-ui-init.js HTTP/1.1" 200 - 1ed57f66-d3cc-4639-b6eb-74ee15786ef8 -0.778 ms
15068 - ::1 - - 15-18-2022 04:18:58 PM "GET /docs/favicon-32x32.png HTTP/1.1" 304 - 8a337500-df74-46f7-a686-d45eac19c649 -1.540 ms
15068 - ::1 - - 15-22-2022 04:22:05 PM "GET / HTTP/1.1" 304 - 8d4f8481-5691-45d2-bd50-f2d7659326fe -8.465 ms
15068 - ::1 - - 15-22-2022 04:22:05 PM "GET /stylesheets/style.css HTTP/1.1" 304 - 85f25816-d4ec-47b3-91d4-0e65b8acd94b -2.024 ms
15068 - ::1 - - 15-22-2022 04:22:05 PM "GET /favicon.ico HTTP/1.1" 404 - eb08195a-f3a4-41e7-aa20-3588cc7d6aa1 -2.182 ms
15068 - ::1 - - 15-22-2022 04:22:22 PM "GET /api/products HTTP/1.1" 404 - 1b2060da-b549-46f6-a12c-3133b628fad5 -2.925 ms
15068 - ::1 - - 15-22-2022 04:22:45 PM "GET /api/v1/Products HTTP/1.1" 200 - f6027a7d-743f-4b47-9eae-8361e84959a0 -1.702 ms
4936 - ::1 - - 15-23-2022 04:23:24 PM "GET /api/v1/Products HTTP/1.1" 200 - e626a290-5142-44f6-8ca4-e4f513bad42d -7.971 ms
21408 - ::1 - - 15-30-2022 04:30:00 PM "GET /api/v1/Products HTTP/1.1" 200 - e2665ed6-5eed-437c-83e3-43efd3a7c95d -78.858 ms
14896 - ::1 - - 15-31-2022 04:31:23 PM "GET /api/v1/Products HTTP/1.1" 304 - bc6ef336-70ae-47e2-8fa3-bd868692811e -86.999 ms
18280 - ::1 - - 15-32-2022 04:32:00 PM "GET /api/v1/Products HTTP/1.1" 304 - ef443e02-a04c-4796-aa77-f61fe26e1262 -8.855 ms
21100 - ::1 - - 15-32-2022 04:32:08 PM "GET /api/v1/Products HTTP/1.1" 200 - 857c2ac2-4a3b-466c-84fd-3398e7874f6c -5.689 ms
16076 - ::1 - - 15-32-2022 04:32:22 PM "GET /api/v1/Products HTTP/1.1" 200 - 1233307f-0b8f-413f-8f7e-fb26e188b972 -7.907 ms
10892 - ::1 - - 15-34-2022 04:34:02 PM "GET /api/v1/Products HTTP/1.1" 200 - cf8550c4-44dc-44ec-817a-cc9ddbff39dc -8.287 ms
8808 - ::1 - - 15-38-2022 04:38:52 PM "GET /api/v1/Products HTTP/1.1" 200 - 8f4883a7-3afd-4547-be87-157f02ad7022 -9.326 ms
8364 - ::1 - - 15-40-2022 04:40:42 PM "GET /api/v1/Products HTTP/1.1" 200 - d003b367-4aad-4c73-9d26-2e8439cfbd76 -8.197 ms
15560 - ::1 - - 15-43-2022 04:43:16 PM "GET /api/v1/Products HTTP/1.1" 200 - 7fd4c42c-b4bb-4526-b0b3-f0c2d5b6e4ae -8.432 ms
23940 - ::1 - - 16-19-2022 05:19:42 PM "GET / HTTP/1.1" 304 - 3aa36916-5cfd-4ed5-9785-5901f0d8e574 -38.544 ms
23940 - ::1 - - 16-19-2022 05:19:42 PM "GET /stylesheets/style.css HTTP/1.1" 304 - 8b0395bf-a56a-4f22-b20e-38fbc46d7843 -1.560 ms
23940 - ::1 - - 16-19-2022 05:19:43 PM "GET /favicon.ico HTTP/1.1" 404 - ecced23d-41d7-4e9d-b30f-a3433ec14d07 -2.749 ms
23940 - ::1 - - 16-19-2022 05:19:50 PM "GET /api/v1/Products HTTP/1.1" 304 - a0dbf8e9-135c-4e54-b6f7-d283a1351a33 -10.615 ms
23940 - ::1 - - 16-19-2022 05:19:58 PM "GET /api/v1/Student HTTP/1.1" 404 - 096b3683-a187-444c-b57b-4261d4e47b71 -2.145 ms
2868 - ::1 - - 16-21-2022 05:21:04 PM "GET /api/v1/Student HTTP/1.1" 500 - b9943e61-0a64-42b1-b80d-bbe6b3364d35 -12.719 ms
18020 - ::1 - - 16-21-2022 05:21:55 PM "GET /api/v1/Student HTTP/1.1" 404 - 5ea14e2d-0d73-4325-a2a8-c3e23f711f45 -9.860 ms
12140 - ::1 - - 16-35-2022 05:35:48 PM "GET /api/v1/Student HTTP/1.1" 200 - 7af7ab9d-8ae2-46a9-8468-b8d22cec738b -7.326 ms
12140 - ::1 - - 16-36-2022 05:36:24 PM "GET /api/v1/Student/1 HTTP/1.1" 400 - a19f48a2-652d-49e9-b1e9-90ece2b51ebd -2.101 ms
23880 - ::1 - - 16-37-2022 05:37:58 PM "GET /api/v1/Student/1 HTTP/1.1" 400 - ddd3e991-84c4-4d5c-a9ae-5782bb305d3d -7.077 ms
23880 - ::1 - - 16-38-2022 05:38:00 PM "GET /api/v1/Student/1 HTTP/1.1" 400 - b83ee83a-4b3f-48f4-ba47-f2991691cdd9 -1.794 ms
20280 - ::1 - - 16-41-2022 05:41:01 PM "GET /api/v1/Student/1 HTTP/1.1" 400 - 661b2e3c-adf7-4048-b591-baaa15d6fc9c -8.893 ms
26388 - ::1 - - 16-42-2022 05:42:54 PM "GET /api/v1/Student/1 HTTP/1.1" 400 - dc8a2447-9232-4454-bed7-b4e89a72b7d6 -7.913 ms
26388 - ::1 - - 16-43-2022 05:43:18 PM "GET /api/v1/Student/ HTTP/1.1" 200 - 9008698f-5dd2-4e09-9a83-7350f5ccccda -2.073 ms
18272 - ::1 - - 16-43-2022 05:43:46 PM "GET /api/v1/Student/5 HTTP/1.1" 400 - a13af5ef-a301-49f9-a091-4a0b998152ef -11.122 ms
13276 - ::1 - - 16-44-2022 05:44:11 PM "GET /api/v1/Student/5 HTTP/1.1" 400 - fa1b252a-ba09-4cc2-8915-fff3802a0fa3 -7.456 ms
9328 - ::1 - - 16-46-2022 06:46:51 PM "GET /api/v1/Student/5 HTTP/1.1" 400 - 50c31f98-d449-4def-9aeb-3dc4b8eb62fd -13.088 ms
8060 - ::1 - - 16-49-2022 06:49:41 PM "GET /api/v1/Student/5 HTTP/1.1" 400 - b6d76940-f464-4281-a6ef-cc3cfd3ba377 -19.273 ms
19244 - ::1 - - 16-50-2022 06:50:45 PM "GET /api/v1/Student/5 HTTP/1.1" 200 - be75bae3-87a3-44bd-b49a-9d46a9b79346 -7.004 ms
